{"/Users/huldadanielacrisantoluna/Documents/ABIERTOS/server-pern/src/router.ts": {"path":"/Users/huldadanielacrisantoluna/Documents/ABIERTOS/server-pern/src/router.ts","statementMap":{"0":{"start":{"line":1,"column":0},"end":{"line":1,"column":33}},"1":{"start":{"line":2,"column":0},"end":{"line":2,"column":133}},"2":{"start":{"line":3,"column":0},"end":{"line":3,"column":49}},"3":{"start":{"line":4,"column":0},"end":{"line":4,"column":48}},"4":{"start":{"line":7,"column":15},"end":{"line":7,"column":23}},"5":{"start":{"line":8,"column":0},"end":{"line":8,"column":59}},"6":{"start":{"line":10,"column":0},"end":{"line":15,"column":39}},"7":{"start":{"line":14,"column":25},"end":{"line":14,"column":34}},"8":{"start":{"line":17,"column":0},"end":{"line":27,"column":38}},"9":{"start":{"line":26,"column":25},"end":{"line":26,"column":34}},"10":{"start":{"line":29,"column":0},"end":{"line":43,"column":38}},"11":{"start":{"line":33,"column":25},"end":{"line":33,"column":34}},"12":{"start":{"line":42,"column":25},"end":{"line":42,"column":34}},"13":{"start":{"line":45,"column":0},"end":{"line":50,"column":43}},"14":{"start":{"line":49,"column":25},"end":{"line":49,"column":34}},"15":{"start":{"line":52,"column":0},"end":{"line":57,"column":38}},"16":{"start":{"line":56,"column":25},"end":{"line":56,"column":34}},"17":{"start":{"line":59,"column":0},"end":{"line":59,"column":22}}},"fnMap":{"0":{"name":"(anonymous_0)","decl":{"start":{"line":14,"column":16},"end":{"line":14,"column":21}},"loc":{"start":{"line":14,"column":25},"end":{"line":14,"column":34}}},"1":{"name":"(anonymous_1)","decl":{"start":{"line":26,"column":16},"end":{"line":26,"column":21}},"loc":{"start":{"line":26,"column":25},"end":{"line":26,"column":34}}},"2":{"name":"(anonymous_2)","decl":{"start":{"line":33,"column":16},"end":{"line":33,"column":21}},"loc":{"start":{"line":33,"column":25},"end":{"line":33,"column":34}}},"3":{"name":"(anonymous_3)","decl":{"start":{"line":42,"column":16},"end":{"line":42,"column":21}},"loc":{"start":{"line":42,"column":25},"end":{"line":42,"column":34}}},"4":{"name":"(anonymous_4)","decl":{"start":{"line":49,"column":16},"end":{"line":49,"column":21}},"loc":{"start":{"line":49,"column":25},"end":{"line":49,"column":34}}},"5":{"name":"(anonymous_5)","decl":{"start":{"line":56,"column":16},"end":{"line":56,"column":21}},"loc":{"start":{"line":56,"column":25},"end":{"line":56,"column":34}}}},"branchMap":{},"s":{"0":2,"1":2,"2":2,"3":2,"4":2,"5":2,"6":2,"7":5,"8":2,"9":10,"10":2,"11":5,"12":5,"13":2,"14":3,"15":2,"16":4,"17":2},"f":{"0":5,"1":10,"2":5,"3":5,"4":3,"5":4},"b":{}}
,"/Users/huldadanielacrisantoluna/Documents/ABIERTOS/server-pern/src/server.ts": {"path":"/Users/huldadanielacrisantoluna/Documents/ABIERTOS/server-pern/src/server.ts","statementMap":{"0":{"start":{"line":1,"column":0},"end":{"line":1,"column":30}},"1":{"start":{"line":2,"column":0},"end":{"line":2,"column":30}},"2":{"start":{"line":3,"column":0},"end":{"line":3,"column":29}},"3":{"start":{"line":7,"column":4},"end":{"line":14,"column":5}},"4":{"start":{"line":8,"column":8},"end":{"line":8,"column":32}},"5":{"start":{"line":9,"column":8},"end":{"line":9,"column":18}},"6":{"start":{"line":17,"column":0},"end":{"line":17,"column":12}},"7":{"start":{"line":20,"column":15},"end":{"line":20,"column":24}},"8":{"start":{"line":23,"column":0},"end":{"line":23,"column":27}},"9":{"start":{"line":25,"column":0},"end":{"line":25,"column":27}},"10":{"start":{"line":26,"column":0},"end":{"line":26,"column":null}}},"fnMap":{"0":{"name":"connectDB","decl":{"start":{"line":6,"column":15},"end":{"line":6,"column":24}},"loc":{"start":{"line":6,"column":24},"end":{"line":15,"column":1}}}},"branchMap":{},"s":{"0":2,"1":2,"2":2,"3":2,"4":2,"5":2,"6":2,"7":2,"8":2,"9":2,"10":2},"f":{"0":2},"b":{}}
,"/Users/huldadanielacrisantoluna/Documents/ABIERTOS/server-pern/src/config/db.ts": {"path":"/Users/huldadanielacrisantoluna/Documents/ABIERTOS/server-pern/src/config/db.ts","statementMap":{"0":{"start":{"line":1,"column":0},"end":{"line":1,"column":49}},"1":{"start":{"line":2,"column":0},"end":{"line":2,"column":28}},"2":{"start":{"line":4,"column":0},"end":{"line":4,"column":16}},"3":{"start":{"line":6,"column":11},"end":{"line":8,"column":2}},"4":{"start":{"line":10,"column":0},"end":{"line":10,"column":18}}},"fnMap":{},"branchMap":{},"s":{"0":2,"1":2,"2":2,"3":2,"4":2},"f":{},"b":{}}
,"/Users/huldadanielacrisantoluna/Documents/ABIERTOS/server-pern/src/handlers/product.ts": {"path":"/Users/huldadanielacrisantoluna/Documents/ABIERTOS/server-pern/src/handlers/product.ts","statementMap":{"0":{"start":{"line":3,"column":0},"end":{"line":3,"column":43}},"1":{"start":{"line":5,"column":29},"end":{"line":12,"column":1}},"2":{"start":{"line":6,"column":4},"end":{"line":11,"column":5}},"3":{"start":{"line":7,"column":24},"end":{"line":7,"column":54}},"4":{"start":{"line":8,"column":8},"end":{"line":8,"column":36}},"5":{"start":{"line":5,"column":13},"end":{"line":5,"column":29}},"6":{"start":{"line":15,"column":30},"end":{"line":28,"column":1}},"7":{"start":{"line":16,"column":4},"end":{"line":27,"column":5}},"8":{"start":{"line":17,"column":25},"end":{"line":21,"column":null}},"9":{"start":{"line":24,"column":8},"end":{"line":24,"column":37}},"10":{"start":{"line":15,"column":13},"end":{"line":15,"column":30}},"11":{"start":{"line":30,"column":30},"end":{"line":41,"column":1}},"12":{"start":{"line":31,"column":4},"end":{"line":40,"column":5}},"13":{"start":{"line":32,"column":23},"end":{"line":32,"column":33}},"14":{"start":{"line":33,"column":24},"end":{"line":33,"column":50}},"15":{"start":{"line":34,"column":8},"end":{"line":36,"column":9}},"16":{"start":{"line":35,"column":12},"end":{"line":35,"column":77}},"17":{"start":{"line":37,"column":8},"end":{"line":37,"column":36}},"18":{"start":{"line":30,"column":13},"end":{"line":30,"column":30}},"19":{"start":{"line":44,"column":29},"end":{"line":56,"column":1}},"20":{"start":{"line":45,"column":4},"end":{"line":55,"column":5}},"21":{"start":{"line":46,"column":23},"end":{"line":46,"column":33}},"22":{"start":{"line":47,"column":24},"end":{"line":47,"column":50}},"23":{"start":{"line":48,"column":8},"end":{"line":50,"column":9}},"24":{"start":{"line":49,"column":12},"end":{"line":49,"column":77}},"25":{"start":{"line":51,"column":8},"end":{"line":51,"column":39}},"26":{"start":{"line":52,"column":8},"end":{"line":52,"column":36}},"27":{"start":{"line":44,"column":13},"end":{"line":44,"column":29}},"28":{"start":{"line":58,"column":34},"end":{"line":72,"column":1}},"29":{"start":{"line":59,"column":4},"end":{"line":71,"column":5}},"30":{"start":{"line":60,"column":23},"end":{"line":60,"column":33}},"31":{"start":{"line":61,"column":24},"end":{"line":61,"column":50}},"32":{"start":{"line":62,"column":8},"end":{"line":64,"column":9}},"33":{"start":{"line":63,"column":12},"end":{"line":63,"column":77}},"34":{"start":{"line":65,"column":8},"end":{"line":65,"column":62}},"35":{"start":{"line":66,"column":8},"end":{"line":66,"column":29}},"36":{"start":{"line":67,"column":8},"end":{"line":67,"column":36}},"37":{"start":{"line":58,"column":13},"end":{"line":58,"column":34}},"38":{"start":{"line":74,"column":29},"end":{"line":86,"column":1}},"39":{"start":{"line":75,"column":4},"end":{"line":85,"column":5}},"40":{"start":{"line":76,"column":23},"end":{"line":76,"column":33}},"41":{"start":{"line":77,"column":24},"end":{"line":77,"column":50}},"42":{"start":{"line":78,"column":8},"end":{"line":80,"column":9}},"43":{"start":{"line":79,"column":12},"end":{"line":79,"column":77}},"44":{"start":{"line":81,"column":8},"end":{"line":81,"column":32}},"45":{"start":{"line":82,"column":8},"end":{"line":82,"column":66}},"46":{"start":{"line":74,"column":13},"end":{"line":74,"column":29}}},"fnMap":{"0":{"name":"(anonymous_1)","decl":{"start":{"line":5,"column":29},"end":{"line":5,"column":34}},"loc":{"start":{"line":5,"column":67},"end":{"line":12,"column":1}}},"1":{"name":"(anonymous_2)","decl":{"start":{"line":15,"column":30},"end":{"line":15,"column":35}},"loc":{"start":{"line":15,"column":68},"end":{"line":28,"column":1}}},"2":{"name":"(anonymous_3)","decl":{"start":{"line":30,"column":30},"end":{"line":30,"column":35}},"loc":{"start":{"line":30,"column":68},"end":{"line":41,"column":1}}},"3":{"name":"(anonymous_4)","decl":{"start":{"line":44,"column":29},"end":{"line":44,"column":34}},"loc":{"start":{"line":44,"column":67},"end":{"line":56,"column":1}}},"4":{"name":"(anonymous_5)","decl":{"start":{"line":58,"column":34},"end":{"line":58,"column":39}},"loc":{"start":{"line":58,"column":72},"end":{"line":72,"column":1}}},"5":{"name":"(anonymous_6)","decl":{"start":{"line":74,"column":29},"end":{"line":74,"column":34}},"loc":{"start":{"line":74,"column":67},"end":{"line":86,"column":1}}}},"branchMap":{"0":{"loc":{"start":{"line":34,"column":8},"end":{"line":36,"column":9}},"type":"if","locations":[{"start":{"line":34,"column":8},"end":{"line":36,"column":9}},{"start":{},"end":{}}]},"1":{"loc":{"start":{"line":48,"column":8},"end":{"line":50,"column":9}},"type":"if","locations":[{"start":{"line":48,"column":8},"end":{"line":50,"column":9}},{"start":{},"end":{}}]},"2":{"loc":{"start":{"line":62,"column":8},"end":{"line":64,"column":9}},"type":"if","locations":[{"start":{"line":62,"column":8},"end":{"line":64,"column":9}},{"start":{},"end":{}}]},"3":{"loc":{"start":{"line":78,"column":8},"end":{"line":80,"column":9}},"type":"if","locations":[{"start":{"line":78,"column":8},"end":{"line":80,"column":9}},{"start":{},"end":{}}]}},"s":{"0":2,"1":2,"2":7,"3":7,"4":7,"5":2,"6":2,"7":5,"8":5,"9":5,"10":2,"11":2,"12":4,"13":4,"14":4,"15":4,"16":1,"17":3,"18":2,"19":2,"20":2,"21":2,"22":2,"23":2,"24":1,"25":1,"26":1,"27":2,"28":2,"29":3,"30":3,"31":3,"32":3,"33":1,"34":2,"35":2,"36":2,"37":2,"38":2,"39":2,"40":2,"41":2,"42":2,"43":1,"44":1,"45":1,"46":2},"f":{"0":7,"1":5,"2":4,"3":2,"4":3,"5":2},"b":{"0":[1,3],"1":[1,1],"2":[1,2],"3":[1,1]}}
,"/Users/huldadanielacrisantoluna/Documents/ABIERTOS/server-pern/src/middleware/index.ts": {"path":"/Users/huldadanielacrisantoluna/Documents/ABIERTOS/server-pern/src/middleware/index.ts","statementMap":{"0":{"start":{"line":1,"column":0},"end":{"line":1,"column":28}},"1":{"start":{"line":2,"column":0},"end":{"line":2,"column":52}},"2":{"start":{"line":6,"column":33},"end":{"line":14,"column":1}},"3":{"start":{"line":7,"column":4},"end":{"line":7,"column":69}},"4":{"start":{"line":9,"column":17},"end":{"line":9,"column":38}},"5":{"start":{"line":10,"column":4},"end":{"line":12,"column":5}},"6":{"start":{"line":11,"column":8},"end":{"line":11,"column":64}},"7":{"start":{"line":13,"column":4},"end":{"line":13,"column":11}},"8":{"start":{"line":6,"column":13},"end":{"line":6,"column":33}}},"fnMap":{"0":{"name":"(anonymous_1)","decl":{"start":{"line":6,"column":33},"end":{"line":6,"column":34}},"loc":{"start":{"line":6,"column":84},"end":{"line":14,"column":1}}}},"branchMap":{"0":{"loc":{"start":{"line":10,"column":4},"end":{"line":12,"column":5}},"type":"if","locations":[{"start":{"line":10,"column":4},"end":{"line":12,"column":5}},{"start":{},"end":{}}]}},"s":{"0":2,"1":2,"2":2,"3":32,"4":32,"5":32,"6":9,"7":23,"8":2},"f":{"0":32},"b":{"0":[9,23]}}
,"/Users/huldadanielacrisantoluna/Documents/ABIERTOS/server-pern/src/models/Product.mo.ts": {"path":"/Users/huldadanielacrisantoluna/Documents/ABIERTOS/server-pern/src/models/Product.mo.ts","statementMap":{"0":{"start":{"line":1,"column":0},"end":{"line":1,"column":79}},"1":{"start":{"line":6,"column":0},"end":{"line":22,"column":null}},"2":{"start":{"line":10,"column":12},"end":{"line":10,"column":null}},"3":{"start":{"line":15,"column":12},"end":{"line":15,"column":null}},"4":{"start":{"line":21,"column":12},"end":{"line":21,"column":null}},"5":{"start":{"line":6,"column":6},"end":{"line":22,"column":null}},"6":{"start":{"line":24,"column":0},"end":{"line":24,"column":23}}},"fnMap":{},"branchMap":{},"s":{"0":2,"1":2,"2":2,"3":2,"4":2,"5":2,"6":2},"f":{},"b":{}}
}
