{"/Users/huldadanielacrisantoluna/Documents/ABIERTOS/server-pern/src/router.ts": {"path":"/Users/huldadanielacrisantoluna/Documents/ABIERTOS/server-pern/src/router.ts","statementMap":{"0":{"start":{"line":1,"column":0},"end":{"line":1,"column":33}},"1":{"start":{"line":2,"column":0},"end":{"line":2,"column":133}},"2":{"start":{"line":3,"column":0},"end":{"line":3,"column":49}},"3":{"start":{"line":4,"column":0},"end":{"line":4,"column":48}},"4":{"start":{"line":5,"column":0},"end":{"line":5,"column":114}},"5":{"start":{"line":430,"column":15},"end":{"line":430,"column":23}},"6":{"start":{"line":432,"column":0},"end":{"line":432,"column":59}},"7":{"start":{"line":434,"column":0},"end":{"line":439,"column":39}},"8":{"start":{"line":438,"column":25},"end":{"line":438,"column":34}},"9":{"start":{"line":441,"column":0},"end":{"line":451,"column":38}},"10":{"start":{"line":450,"column":25},"end":{"line":450,"column":34}},"11":{"start":{"line":453,"column":0},"end":{"line":467,"column":38}},"12":{"start":{"line":457,"column":25},"end":{"line":457,"column":34}},"13":{"start":{"line":466,"column":25},"end":{"line":466,"column":34}},"14":{"start":{"line":469,"column":0},"end":{"line":474,"column":43}},"15":{"start":{"line":473,"column":25},"end":{"line":473,"column":34}},"16":{"start":{"line":476,"column":0},"end":{"line":481,"column":38}},"17":{"start":{"line":480,"column":25},"end":{"line":480,"column":34}},"18":{"start":{"line":484,"column":0},"end":{"line":484,"column":53}},"19":{"start":{"line":486,"column":0},"end":{"line":491,"column":36}},"20":{"start":{"line":490,"column":25},"end":{"line":490,"column":34}},"21":{"start":{"line":493,"column":0},"end":{"line":508,"column":35}},"22":{"start":{"line":510,"column":0},"end":{"line":530,"column":35}},"23":{"start":{"line":514,"column":25},"end":{"line":514,"column":34}},"24":{"start":{"line":518,"column":25},"end":{"line":518,"column":34}},"25":{"start":{"line":519,"column":36},"end":{"line":519,"column":58}},"26":{"start":{"line":532,"column":0},"end":{"line":537,"column":41}},"27":{"start":{"line":536,"column":25},"end":{"line":536,"column":34}},"28":{"start":{"line":539,"column":0},"end":{"line":544,"column":35}},"29":{"start":{"line":543,"column":25},"end":{"line":543,"column":34}},"30":{"start":{"line":546,"column":0},"end":{"line":546,"column":22}}},"fnMap":{"0":{"name":"(anonymous_0)","decl":{"start":{"line":438,"column":16},"end":{"line":438,"column":21}},"loc":{"start":{"line":438,"column":25},"end":{"line":438,"column":34}}},"1":{"name":"(anonymous_1)","decl":{"start":{"line":450,"column":16},"end":{"line":450,"column":21}},"loc":{"start":{"line":450,"column":25},"end":{"line":450,"column":34}}},"2":{"name":"(anonymous_2)","decl":{"start":{"line":457,"column":16},"end":{"line":457,"column":21}},"loc":{"start":{"line":457,"column":25},"end":{"line":457,"column":34}}},"3":{"name":"(anonymous_3)","decl":{"start":{"line":466,"column":16},"end":{"line":466,"column":21}},"loc":{"start":{"line":466,"column":25},"end":{"line":466,"column":34}}},"4":{"name":"(anonymous_4)","decl":{"start":{"line":473,"column":16},"end":{"line":473,"column":21}},"loc":{"start":{"line":473,"column":25},"end":{"line":473,"column":34}}},"5":{"name":"(anonymous_5)","decl":{"start":{"line":480,"column":16},"end":{"line":480,"column":21}},"loc":{"start":{"line":480,"column":25},"end":{"line":480,"column":34}}},"6":{"name":"(anonymous_6)","decl":{"start":{"line":490,"column":16},"end":{"line":490,"column":21}},"loc":{"start":{"line":490,"column":25},"end":{"line":490,"column":34}}},"7":{"name":"(anonymous_7)","decl":{"start":{"line":514,"column":16},"end":{"line":514,"column":21}},"loc":{"start":{"line":514,"column":25},"end":{"line":514,"column":34}}},"8":{"name":"(anonymous_8)","decl":{"start":{"line":518,"column":16},"end":{"line":518,"column":21}},"loc":{"start":{"line":518,"column":25},"end":{"line":518,"column":34}}},"9":{"name":"(anonymous_9)","decl":{"start":{"line":519,"column":16},"end":{"line":519,"column":17}},"loc":{"start":{"line":519,"column":36},"end":{"line":519,"column":58}}},"10":{"name":"(anonymous_10)","decl":{"start":{"line":536,"column":16},"end":{"line":536,"column":21}},"loc":{"start":{"line":536,"column":25},"end":{"line":536,"column":34}}},"11":{"name":"(anonymous_11)","decl":{"start":{"line":543,"column":16},"end":{"line":543,"column":21}},"loc":{"start":{"line":543,"column":25},"end":{"line":543,"column":34}}}},"branchMap":{},"s":{"0":3,"1":3,"2":3,"3":3,"4":3,"5":3,"6":3,"7":3,"8":5,"9":3,"10":10,"11":3,"12":5,"13":5,"14":3,"15":3,"16":3,"17":4,"18":3,"19":3,"20":6,"21":3,"22":3,"23":10,"24":10,"25":10,"26":3,"27":4,"28":3,"29":4,"30":3},"f":{"0":5,"1":10,"2":5,"3":5,"4":3,"5":4,"6":6,"7":10,"8":10,"9":10,"10":4,"11":4},"b":{}}
,"/Users/huldadanielacrisantoluna/Documents/ABIERTOS/server-pern/src/server.ts": {"path":"/Users/huldadanielacrisantoluna/Documents/ABIERTOS/server-pern/src/server.ts","statementMap":{"0":{"start":{"line":8,"column":0},"end":{"line":8,"column":7}},"1":{"start":{"line":1,"column":0},"end":{"line":1,"column":30}},"2":{"start":{"line":2,"column":0},"end":{"line":2,"column":30}},"3":{"start":{"line":3,"column":0},"end":{"line":3,"column":29}},"4":{"start":{"line":4,"column":0},"end":{"line":4,"column":28}},"5":{"start":{"line":5,"column":0},"end":{"line":5,"column":66}},"6":{"start":{"line":6,"column":0},"end":{"line":6,"column":43}},"7":{"start":{"line":9,"column":4},"end":{"line":16,"column":5}},"8":{"start":{"line":10,"column":8},"end":{"line":10,"column":32}},"9":{"start":{"line":11,"column":8},"end":{"line":11,"column":18}},"10":{"start":{"line":12,"column":8},"end":{"line":12,"column":95}},"11":{"start":{"line":15,"column":8},"end":{"line":15,"column":87}},"12":{"start":{"line":19,"column":0},"end":{"line":19,"column":12}},"13":{"start":{"line":22,"column":15},"end":{"line":22,"column":24}},"14":{"start":{"line":25,"column":0},"end":{"line":25,"column":27}},"15":{"start":{"line":27,"column":0},"end":{"line":27,"column":27}},"16":{"start":{"line":30,"column":0},"end":{"line":33,"column":null}},"17":{"start":{"line":35,"column":0},"end":{"line":35,"column":null}}},"fnMap":{"0":{"name":"connectDB","decl":{"start":{"line":8,"column":22},"end":{"line":8,"column":31}},"loc":{"start":{"line":8,"column":31},"end":{"line":17,"column":1}}}},"branchMap":{},"s":{"0":3,"1":3,"2":3,"3":3,"4":3,"5":3,"6":3,"7":4,"8":4,"9":3,"10":3,"11":1,"12":3,"13":3,"14":3,"15":3,"16":3,"17":3},"f":{"0":4},"b":{}}
,"/Users/huldadanielacrisantoluna/Documents/ABIERTOS/server-pern/src/config/db.ts": {"path":"/Users/huldadanielacrisantoluna/Documents/ABIERTOS/server-pern/src/config/db.ts","statementMap":{"0":{"start":{"line":1,"column":0},"end":{"line":1,"column":49}},"1":{"start":{"line":2,"column":0},"end":{"line":2,"column":28}},"2":{"start":{"line":4,"column":0},"end":{"line":4,"column":16}},"3":{"start":{"line":6,"column":11},"end":{"line":8,"column":2}},"4":{"start":{"line":10,"column":0},"end":{"line":10,"column":18}}},"fnMap":{},"branchMap":{},"s":{"0":3,"1":3,"2":3,"3":3,"4":3},"f":{},"b":{}}
,"/Users/huldadanielacrisantoluna/Documents/ABIERTOS/server-pern/src/config/swagger.ts": {"path":"/Users/huldadanielacrisantoluna/Documents/ABIERTOS/server-pern/src/config/swagger.ts","statementMap":{"0":{"start":{"line":1,"column":0},"end":{"line":1,"column":41}},"1":{"start":{"line":4,"column":38},"end":{"line":24,"column":null}},"2":{"start":{"line":26,"column":21},"end":{"line":26,"column":42}},"3":{"start":{"line":28,"column":43},"end":{"line":40,"column":null}},"4":{"start":{"line":43,"column":9},"end":{"line":43,"column":25}},"5":{"start":{"line":42,"column":0},"end":{"line":42,"column":null}}},"fnMap":{},"branchMap":{},"s":{"0":3,"1":3,"2":3,"3":3,"4":3,"5":3},"f":{},"b":{}}
,"/Users/huldadanielacrisantoluna/Documents/ABIERTOS/server-pern/src/handlers/product.ts": {"path":"/Users/huldadanielacrisantoluna/Documents/ABIERTOS/server-pern/src/handlers/product.ts","statementMap":{"0":{"start":{"line":2,"column":0},"end":{"line":2,"column":28}},"1":{"start":{"line":3,"column":0},"end":{"line":3,"column":43}},"2":{"start":{"line":5,"column":29},"end":{"line":12,"column":1}},"3":{"start":{"line":6,"column":4},"end":{"line":11,"column":5}},"4":{"start":{"line":7,"column":24},"end":{"line":7,"column":54}},"5":{"start":{"line":8,"column":8},"end":{"line":8,"column":36}},"6":{"start":{"line":10,"column":8},"end":{"line":10,"column":67}},"7":{"start":{"line":5,"column":13},"end":{"line":5,"column":29}},"8":{"start":{"line":15,"column":30},"end":{"line":28,"column":1}},"9":{"start":{"line":16,"column":4},"end":{"line":27,"column":5}},"10":{"start":{"line":17,"column":25},"end":{"line":21,"column":null}},"11":{"start":{"line":23,"column":8},"end":{"line":23,"column":73}},"12":{"start":{"line":24,"column":8},"end":{"line":24,"column":37}},"13":{"start":{"line":26,"column":8},"end":{"line":26,"column":71}},"14":{"start":{"line":15,"column":13},"end":{"line":15,"column":30}},"15":{"start":{"line":30,"column":30},"end":{"line":41,"column":1}},"16":{"start":{"line":31,"column":4},"end":{"line":40,"column":5}},"17":{"start":{"line":32,"column":23},"end":{"line":32,"column":33}},"18":{"start":{"line":33,"column":24},"end":{"line":33,"column":50}},"19":{"start":{"line":34,"column":8},"end":{"line":36,"column":9}},"20":{"start":{"line":35,"column":12},"end":{"line":35,"column":77}},"21":{"start":{"line":37,"column":8},"end":{"line":37,"column":36}},"22":{"start":{"line":39,"column":8},"end":{"line":39,"column":69}},"23":{"start":{"line":30,"column":13},"end":{"line":30,"column":30}},"24":{"start":{"line":44,"column":29},"end":{"line":56,"column":1}},"25":{"start":{"line":45,"column":4},"end":{"line":55,"column":5}},"26":{"start":{"line":46,"column":23},"end":{"line":46,"column":33}},"27":{"start":{"line":47,"column":24},"end":{"line":47,"column":50}},"28":{"start":{"line":48,"column":8},"end":{"line":50,"column":9}},"29":{"start":{"line":49,"column":12},"end":{"line":49,"column":77}},"30":{"start":{"line":51,"column":8},"end":{"line":51,"column":39}},"31":{"start":{"line":52,"column":8},"end":{"line":52,"column":36}},"32":{"start":{"line":54,"column":8},"end":{"line":54,"column":72}},"33":{"start":{"line":44,"column":13},"end":{"line":44,"column":29}},"34":{"start":{"line":58,"column":34},"end":{"line":72,"column":1}},"35":{"start":{"line":59,"column":4},"end":{"line":71,"column":5}},"36":{"start":{"line":60,"column":23},"end":{"line":60,"column":33}},"37":{"start":{"line":61,"column":24},"end":{"line":61,"column":50}},"38":{"start":{"line":62,"column":8},"end":{"line":64,"column":9}},"39":{"start":{"line":63,"column":12},"end":{"line":63,"column":77}},"40":{"start":{"line":65,"column":8},"end":{"line":65,"column":62}},"41":{"start":{"line":66,"column":8},"end":{"line":66,"column":29}},"42":{"start":{"line":67,"column":8},"end":{"line":67,"column":36}},"43":{"start":{"line":68,"column":8},"end":{"line":68,"column":96}},"44":{"start":{"line":70,"column":8},"end":{"line":70,"column":91}},"45":{"start":{"line":58,"column":13},"end":{"line":58,"column":34}},"46":{"start":{"line":74,"column":29},"end":{"line":86,"column":1}},"47":{"start":{"line":75,"column":4},"end":{"line":85,"column":5}},"48":{"start":{"line":76,"column":23},"end":{"line":76,"column":33}},"49":{"start":{"line":77,"column":24},"end":{"line":77,"column":50}},"50":{"start":{"line":78,"column":8},"end":{"line":80,"column":9}},"51":{"start":{"line":79,"column":12},"end":{"line":79,"column":77}},"52":{"start":{"line":81,"column":8},"end":{"line":81,"column":32}},"53":{"start":{"line":82,"column":8},"end":{"line":82,"column":66}},"54":{"start":{"line":84,"column":8},"end":{"line":84,"column":70}},"55":{"start":{"line":74,"column":13},"end":{"line":74,"column":29}}},"fnMap":{"0":{"name":"(anonymous_1)","decl":{"start":{"line":5,"column":29},"end":{"line":5,"column":34}},"loc":{"start":{"line":5,"column":67},"end":{"line":12,"column":1}}},"1":{"name":"(anonymous_2)","decl":{"start":{"line":15,"column":30},"end":{"line":15,"column":35}},"loc":{"start":{"line":15,"column":68},"end":{"line":28,"column":1}}},"2":{"name":"(anonymous_3)","decl":{"start":{"line":30,"column":30},"end":{"line":30,"column":35}},"loc":{"start":{"line":30,"column":68},"end":{"line":41,"column":1}}},"3":{"name":"(anonymous_4)","decl":{"start":{"line":44,"column":29},"end":{"line":44,"column":34}},"loc":{"start":{"line":44,"column":67},"end":{"line":56,"column":1}}},"4":{"name":"(anonymous_5)","decl":{"start":{"line":58,"column":34},"end":{"line":58,"column":39}},"loc":{"start":{"line":58,"column":72},"end":{"line":72,"column":1}}},"5":{"name":"(anonymous_6)","decl":{"start":{"line":74,"column":29},"end":{"line":74,"column":34}},"loc":{"start":{"line":74,"column":67},"end":{"line":86,"column":1}}}},"branchMap":{"0":{"loc":{"start":{"line":34,"column":8},"end":{"line":36,"column":9}},"type":"if","locations":[{"start":{"line":34,"column":8},"end":{"line":36,"column":9}},{"start":{},"end":{}}]},"1":{"loc":{"start":{"line":48,"column":8},"end":{"line":50,"column":9}},"type":"if","locations":[{"start":{"line":48,"column":8},"end":{"line":50,"column":9}},{"start":{},"end":{}}]},"2":{"loc":{"start":{"line":62,"column":8},"end":{"line":64,"column":9}},"type":"if","locations":[{"start":{"line":62,"column":8},"end":{"line":64,"column":9}},{"start":{},"end":{}}]},"3":{"loc":{"start":{"line":78,"column":8},"end":{"line":80,"column":9}},"type":"if","locations":[{"start":{"line":78,"column":8},"end":{"line":80,"column":9}},{"start":{},"end":{}}]}},"s":{"0":3,"1":3,"2":3,"3":8,"4":8,"5":7,"6":1,"7":3,"8":3,"9":5,"10":5,"11":4,"12":4,"13":1,"14":3,"15":3,"16":5,"17":5,"18":5,"19":4,"20":1,"21":3,"22":1,"23":3,"24":3,"25":3,"26":3,"27":3,"28":2,"29":1,"30":1,"31":1,"32":1,"33":3,"34":3,"35":4,"36":4,"37":4,"38":3,"39":1,"40":2,"41":2,"42":2,"43":2,"44":1,"45":3,"46":3,"47":3,"48":3,"49":3,"50":2,"51":1,"52":1,"53":1,"54":1,"55":3},"f":{"0":8,"1":5,"2":5,"3":3,"4":4,"5":3},"b":{"0":[1,3],"1":[1,1],"2":[1,2],"3":[1,1]}}
,"/Users/huldadanielacrisantoluna/Documents/ABIERTOS/server-pern/src/handlers/users.ts": {"path":"/Users/huldadanielacrisantoluna/Documents/ABIERTOS/server-pern/src/handlers/users.ts","statementMap":{"0":{"start":{"line":2,"column":0},"end":{"line":2,"column":28}},"1":{"start":{"line":3,"column":0},"end":{"line":3,"column":37}},"2":{"start":{"line":5,"column":26},"end":{"line":20,"column":1}},"3":{"start":{"line":6,"column":4},"end":{"line":19,"column":5}},"4":{"start":{"line":7,"column":36},"end":{"line":7,"column":44}},"5":{"start":{"line":8,"column":8},"end":{"line":10,"column":9}},"6":{"start":{"line":9,"column":12},"end":{"line":9,"column":91}},"7":{"start":{"line":11,"column":8},"end":{"line":13,"column":9}},"8":{"start":{"line":12,"column":12},"end":{"line":12,"column":92}},"9":{"start":{"line":14,"column":21},"end":{"line":14,"column":48}},"10":{"start":{"line":15,"column":8},"end":{"line":15,"column":26}},"11":{"start":{"line":16,"column":8},"end":{"line":16,"column":33}},"12":{"start":{"line":18,"column":8},"end":{"line":18,"column":66}},"13":{"start":{"line":5,"column":13},"end":{"line":5,"column":26}},"14":{"start":{"line":22,"column":27},"end":{"line":37,"column":1}},"15":{"start":{"line":23,"column":4},"end":{"line":36,"column":5}},"16":{"start":{"line":24,"column":22},"end":{"line":32,"column":10}},"17":{"start":{"line":33,"column":8},"end":{"line":33,"column":34}},"18":{"start":{"line":35,"column":8},"end":{"line":35,"column":70}},"19":{"start":{"line":22,"column":13},"end":{"line":22,"column":27}},"20":{"start":{"line":39,"column":27},"end":{"line":50,"column":1}},"21":{"start":{"line":40,"column":4},"end":{"line":49,"column":5}},"22":{"start":{"line":41,"column":23},"end":{"line":41,"column":33}},"23":{"start":{"line":42,"column":21},"end":{"line":42,"column":44}},"24":{"start":{"line":43,"column":8},"end":{"line":45,"column":9}},"25":{"start":{"line":44,"column":12},"end":{"line":44,"column":76}},"26":{"start":{"line":46,"column":8},"end":{"line":46,"column":33}},"27":{"start":{"line":48,"column":8},"end":{"line":48,"column":75}},"28":{"start":{"line":39,"column":13},"end":{"line":39,"column":27}},"29":{"start":{"line":52,"column":26},"end":{"line":83,"column":1}},"30":{"start":{"line":53,"column":4},"end":{"line":82,"column":5}},"31":{"start":{"line":54,"column":23},"end":{"line":54,"column":33}},"32":{"start":{"line":55,"column":21},"end":{"line":55,"column":44}},"33":{"start":{"line":56,"column":8},"end":{"line":58,"column":9}},"34":{"start":{"line":57,"column":12},"end":{"line":57,"column":76}},"35":{"start":{"line":59,"column":40},"end":{"line":59,"column":48}},"36":{"start":{"line":60,"column":8},"end":{"line":62,"column":9}},"37":{"start":{"line":61,"column":12},"end":{"line":61,"column":105}},"38":{"start":{"line":63,"column":8},"end":{"line":68,"column":9}},"39":{"start":{"line":64,"column":33},"end":{"line":64,"column":88}},"40":{"start":{"line":65,"column":12},"end":{"line":67,"column":13}},"41":{"start":{"line":66,"column":16},"end":{"line":66,"column":95}},"42":{"start":{"line":69,"column":8},"end":{"line":74,"column":9}},"43":{"start":{"line":70,"column":34},"end":{"line":70,"column":83}},"44":{"start":{"line":71,"column":12},"end":{"line":73,"column":13}},"45":{"start":{"line":72,"column":16},"end":{"line":72,"column":96}},"46":{"start":{"line":75,"column":8},"end":{"line":75,"column":44}},"47":{"start":{"line":76,"column":8},"end":{"line":76,"column":38}},"48":{"start":{"line":77,"column":8},"end":{"line":77,"column":36}},"49":{"start":{"line":78,"column":8},"end":{"line":78,"column":26}},"50":{"start":{"line":79,"column":8},"end":{"line":79,"column":33}},"51":{"start":{"line":81,"column":8},"end":{"line":81,"column":71}},"52":{"start":{"line":52,"column":13},"end":{"line":52,"column":26}},"53":{"start":{"line":85,"column":26},"end":{"line":97,"column":1}},"54":{"start":{"line":86,"column":4},"end":{"line":96,"column":5}},"55":{"start":{"line":87,"column":23},"end":{"line":87,"column":33}},"56":{"start":{"line":88,"column":21},"end":{"line":88,"column":44}},"57":{"start":{"line":89,"column":8},"end":{"line":91,"column":9}},"58":{"start":{"line":90,"column":12},"end":{"line":90,"column":76}},"59":{"start":{"line":92,"column":8},"end":{"line":92,"column":29}},"60":{"start":{"line":93,"column":8},"end":{"line":93,"column":65}},"61":{"start":{"line":95,"column":8},"end":{"line":95,"column":69}},"62":{"start":{"line":85,"column":13},"end":{"line":85,"column":26}},"63":{"start":{"line":99,"column":32},"end":{"line":112,"column":1}},"64":{"start":{"line":100,"column":4},"end":{"line":111,"column":5}},"65":{"start":{"line":101,"column":23},"end":{"line":101,"column":33}},"66":{"start":{"line":102,"column":21},"end":{"line":102,"column":44}},"67":{"start":{"line":103,"column":8},"end":{"line":105,"column":9}},"68":{"start":{"line":104,"column":12},"end":{"line":104,"column":76}},"69":{"start":{"line":106,"column":8},"end":{"line":106,"column":50}},"70":{"start":{"line":107,"column":8},"end":{"line":107,"column":26}},"71":{"start":{"line":108,"column":8},"end":{"line":108,"column":33}},"72":{"start":{"line":110,"column":8},"end":{"line":110,"column":82}},"73":{"start":{"line":99,"column":13},"end":{"line":99,"column":32}}},"fnMap":{"0":{"name":"(anonymous_1)","decl":{"start":{"line":5,"column":26},"end":{"line":5,"column":31}},"loc":{"start":{"line":5,"column":64},"end":{"line":20,"column":1}}},"1":{"name":"(anonymous_2)","decl":{"start":{"line":22,"column":27},"end":{"line":22,"column":32}},"loc":{"start":{"line":22,"column":65},"end":{"line":37,"column":1}}},"2":{"name":"(anonymous_3)","decl":{"start":{"line":39,"column":27},"end":{"line":39,"column":32}},"loc":{"start":{"line":39,"column":65},"end":{"line":50,"column":1}}},"3":{"name":"(anonymous_4)","decl":{"start":{"line":52,"column":26},"end":{"line":52,"column":31}},"loc":{"start":{"line":52,"column":64},"end":{"line":83,"column":1}}},"4":{"name":"(anonymous_5)","decl":{"start":{"line":85,"column":26},"end":{"line":85,"column":31}},"loc":{"start":{"line":85,"column":64},"end":{"line":97,"column":1}}},"5":{"name":"(anonymous_6)","decl":{"start":{"line":99,"column":32},"end":{"line":99,"column":37}},"loc":{"start":{"line":99,"column":70},"end":{"line":112,"column":1}}}},"branchMap":{"0":{"loc":{"start":{"line":8,"column":8},"end":{"line":10,"column":9}},"type":"if","locations":[{"start":{"line":8,"column":8},"end":{"line":10,"column":9}},{"start":{},"end":{}}]},"1":{"loc":{"start":{"line":11,"column":8},"end":{"line":13,"column":9}},"type":"if","locations":[{"start":{"line":11,"column":8},"end":{"line":13,"column":9}},{"start":{},"end":{}}]},"2":{"loc":{"start":{"line":43,"column":8},"end":{"line":45,"column":9}},"type":"if","locations":[{"start":{"line":43,"column":8},"end":{"line":45,"column":9}},{"start":{},"end":{}}]},"3":{"loc":{"start":{"line":43,"column":12},"end":{"line":43,"column":35}},"type":"binary-expr","locations":[{"start":{"line":43,"column":12},"end":{"line":43,"column":17}},{"start":{"line":43,"column":21},"end":{"line":43,"column":35}}]},"4":{"loc":{"start":{"line":56,"column":8},"end":{"line":58,"column":9}},"type":"if","locations":[{"start":{"line":56,"column":8},"end":{"line":58,"column":9}},{"start":{},"end":{}}]},"5":{"loc":{"start":{"line":56,"column":12},"end":{"line":56,"column":35}},"type":"binary-expr","locations":[{"start":{"line":56,"column":12},"end":{"line":56,"column":17}},{"start":{"line":56,"column":21},"end":{"line":56,"column":35}}]},"6":{"loc":{"start":{"line":60,"column":8},"end":{"line":62,"column":9}},"type":"if","locations":[{"start":{"line":60,"column":8},"end":{"line":62,"column":9}},{"start":{},"end":{}}]},"7":{"loc":{"start":{"line":63,"column":8},"end":{"line":68,"column":9}},"type":"if","locations":[{"start":{"line":63,"column":8},"end":{"line":68,"column":9}},{"start":{},"end":{}}]},"8":{"loc":{"start":{"line":65,"column":12},"end":{"line":67,"column":13}},"type":"if","locations":[{"start":{"line":65,"column":12},"end":{"line":67,"column":13}},{"start":{},"end":{}}]},"9":{"loc":{"start":{"line":69,"column":8},"end":{"line":74,"column":9}},"type":"if","locations":[{"start":{"line":69,"column":8},"end":{"line":74,"column":9}},{"start":{},"end":{}}]},"10":{"loc":{"start":{"line":71,"column":12},"end":{"line":73,"column":13}},"type":"if","locations":[{"start":{"line":71,"column":12},"end":{"line":73,"column":13}},{"start":{},"end":{}}]},"11":{"loc":{"start":{"line":89,"column":8},"end":{"line":91,"column":9}},"type":"if","locations":[{"start":{"line":89,"column":8},"end":{"line":91,"column":9}},{"start":{},"end":{}}]},"12":{"loc":{"start":{"line":103,"column":8},"end":{"line":105,"column":9}},"type":"if","locations":[{"start":{"line":103,"column":8},"end":{"line":105,"column":9}},{"start":{},"end":{}}]}},"s":{"0":3,"1":3,"2":3,"3":19,"4":19,"5":19,"6":1,"7":18,"8":1,"9":17,"10":16,"11":16,"12":1,"13":3,"14":3,"15":5,"16":5,"17":4,"18":1,"19":3,"20":3,"21":6,"22":6,"23":6,"24":5,"25":2,"26":3,"27":1,"28":3,"29":3,"30":6,"31":6,"32":6,"33":5,"34":1,"35":4,"36":4,"37":1,"38":3,"39":2,"40":2,"41":1,"42":2,"43":2,"44":2,"45":1,"46":1,"47":1,"48":1,"49":1,"50":1,"51":1,"52":3,"53":3,"54":3,"55":3,"56":3,"57":2,"58":1,"59":1,"60":1,"61":1,"62":3,"63":3,"64":5,"65":5,"66":5,"67":4,"68":1,"69":3,"70":3,"71":3,"72":1,"73":3},"f":{"0":19,"1":5,"2":6,"3":6,"4":3,"5":5},"b":{"0":[1,18],"1":[1,17],"2":[2,3],"3":[5,3],"4":[1,4],"5":[5,5],"6":[1,3],"7":[2,1],"8":[1,1],"9":[2,0],"10":[1,1],"11":[1,1],"12":[1,3]}}
,"/Users/huldadanielacrisantoluna/Documents/ABIERTOS/server-pern/src/middleware/index.ts": {"path":"/Users/huldadanielacrisantoluna/Documents/ABIERTOS/server-pern/src/middleware/index.ts","statementMap":{"0":{"start":{"line":1,"column":0},"end":{"line":1,"column":28}},"1":{"start":{"line":2,"column":0},"end":{"line":2,"column":52}},"2":{"start":{"line":6,"column":33},"end":{"line":14,"column":1}},"3":{"start":{"line":7,"column":4},"end":{"line":7,"column":69}},"4":{"start":{"line":9,"column":17},"end":{"line":9,"column":38}},"5":{"start":{"line":10,"column":4},"end":{"line":12,"column":5}},"6":{"start":{"line":11,"column":8},"end":{"line":11,"column":64}},"7":{"start":{"line":13,"column":4},"end":{"line":13,"column":11}},"8":{"start":{"line":6,"column":13},"end":{"line":6,"column":33}}},"fnMap":{"0":{"name":"(anonymous_1)","decl":{"start":{"line":6,"column":33},"end":{"line":6,"column":34}},"loc":{"start":{"line":6,"column":84},"end":{"line":14,"column":1}}}},"branchMap":{"0":{"loc":{"start":{"line":10,"column":4},"end":{"line":12,"column":5}},"type":"if","locations":[{"start":{"line":10,"column":4},"end":{"line":12,"column":5}},{"start":{},"end":{}}]}},"s":{"0":3,"1":3,"2":3,"3":80,"4":80,"5":80,"6":20,"7":60,"8":3},"f":{"0":80},"b":{"0":[20,60]}}
,"/Users/huldadanielacrisantoluna/Documents/ABIERTOS/server-pern/src/models/Product.mo.ts": {"path":"/Users/huldadanielacrisantoluna/Documents/ABIERTOS/server-pern/src/models/Product.mo.ts","statementMap":{"0":{"start":{"line":1,"column":0},"end":{"line":1,"column":79}},"1":{"start":{"line":6,"column":0},"end":{"line":22,"column":null}},"2":{"start":{"line":10,"column":12},"end":{"line":10,"column":null}},"3":{"start":{"line":15,"column":12},"end":{"line":15,"column":null}},"4":{"start":{"line":21,"column":12},"end":{"line":21,"column":null}},"5":{"start":{"line":6,"column":6},"end":{"line":22,"column":null}},"6":{"start":{"line":24,"column":0},"end":{"line":24,"column":23}}},"fnMap":{},"branchMap":{},"s":{"0":4,"1":4,"2":4,"3":4,"4":4,"5":4,"6":4},"f":{},"b":{}}
,"/Users/huldadanielacrisantoluna/Documents/ABIERTOS/server-pern/src/models/User.mo.ts": {"path":"/Users/huldadanielacrisantoluna/Documents/ABIERTOS/server-pern/src/models/User.mo.ts","statementMap":{"0":{"start":{"line":1,"column":0},"end":{"line":1,"column":79}},"1":{"start":{"line":6,"column":0},"end":{"line":58,"column":null}},"2":{"start":{"line":12,"column":12},"end":{"line":12,"column":null}},"3":{"start":{"line":23,"column":12},"end":{"line":23,"column":null}},"4":{"start":{"line":33,"column":12},"end":{"line":33,"column":null}},"5":{"start":{"line":43,"column":12},"end":{"line":43,"column":null}},"6":{"start":{"line":50,"column":12},"end":{"line":50,"column":null}},"7":{"start":{"line":56,"column":12},"end":{"line":56,"column":null}},"8":{"start":{"line":6,"column":6},"end":{"line":58,"column":null}},"9":{"start":{"line":60,"column":0},"end":{"line":60,"column":20}}},"fnMap":{},"branchMap":{},"s":{"0":4,"1":4,"2":4,"3":4,"4":4,"5":4,"6":4,"7":4,"8":4,"9":4},"f":{},"b":{}}
}
