TN:
SF:src/router.ts
FN:14,(anonymous_0)
FN:26,(anonymous_1)
FN:33,(anonymous_2)
FN:42,(anonymous_3)
FN:49,(anonymous_4)
FN:56,(anonymous_5)
FNF:6
FNH:6
FNDA:5,(anonymous_0)
FNDA:10,(anonymous_1)
FNDA:5,(anonymous_2)
FNDA:5,(anonymous_3)
FNDA:3,(anonymous_4)
FNDA:4,(anonymous_5)
DA:1,2
DA:2,2
DA:3,2
DA:4,2
DA:7,2
DA:8,2
DA:10,2
DA:14,5
DA:17,2
DA:26,10
DA:29,2
DA:33,5
DA:42,5
DA:45,2
DA:49,3
DA:52,2
DA:56,4
DA:59,2
LF:18
LH:18
BRF:0
BRH:0
end_of_record
TN:
SF:src/server.ts
FN:6,connectDB
FNF:1
FNH:1
FNDA:2,connectDB
DA:1,2
DA:2,2
DA:3,2
DA:7,2
DA:8,2
DA:9,2
DA:17,2
DA:20,2
DA:23,2
DA:25,2
DA:26,2
LF:11
LH:11
BRF:0
BRH:0
end_of_record
TN:
SF:src/config/db.ts
FNF:0
FNH:0
DA:1,2
DA:2,2
DA:4,2
DA:6,2
DA:10,2
LF:5
LH:5
BRF:0
BRH:0
end_of_record
TN:
SF:src/handlers/product.ts
FN:5,(anonymous_1)
FN:15,(anonymous_2)
FN:30,(anonymous_3)
FN:44,(anonymous_4)
FN:58,(anonymous_5)
FN:74,(anonymous_6)
FNF:6
FNH:6
FNDA:7,(anonymous_1)
FNDA:5,(anonymous_2)
FNDA:4,(anonymous_3)
FNDA:2,(anonymous_4)
FNDA:3,(anonymous_5)
FNDA:2,(anonymous_6)
DA:3,2
DA:5,2
DA:6,7
DA:7,7
DA:8,7
DA:15,2
DA:16,5
DA:17,5
DA:24,5
DA:30,2
DA:31,4
DA:32,4
DA:33,4
DA:34,4
DA:35,1
DA:37,3
DA:44,2
DA:45,2
DA:46,2
DA:47,2
DA:48,2
DA:49,1
DA:51,1
DA:52,1
DA:58,2
DA:59,3
DA:60,3
DA:61,3
DA:62,3
DA:63,1
DA:65,2
DA:66,2
DA:67,2
DA:74,2
DA:75,2
DA:76,2
DA:77,2
DA:78,2
DA:79,1
DA:81,1
DA:82,1
LF:41
LH:41
BRDA:34,0,0,1
BRDA:34,0,1,3
BRDA:48,1,0,1
BRDA:48,1,1,1
BRDA:62,2,0,1
BRDA:62,2,1,2
BRDA:78,3,0,1
BRDA:78,3,1,1
BRF:8
BRH:8
end_of_record
TN:
SF:src/middleware/index.ts
FN:6,(anonymous_1)
FNF:1
FNH:1
FNDA:32,(anonymous_1)
DA:1,2
DA:2,2
DA:6,2
DA:7,32
DA:9,32
DA:10,32
DA:11,9
DA:13,23
LF:8
LH:8
BRDA:10,0,0,9
BRDA:10,0,1,23
BRF:2
BRH:2
end_of_record
TN:
SF:src/models/Product.mo.ts
FNF:0
FNH:0
DA:1,2
DA:6,2
DA:10,2
DA:15,2
DA:21,2
DA:24,2
LF:6
LH:6
BRF:0
BRH:0
end_of_record
