TN:
SF:src/router.ts
FN:64,(anonymous_0)
FN:76,(anonymous_1)
FN:83,(anonymous_2)
FN:92,(anonymous_3)
FN:99,(anonymous_4)
FN:106,(anonymous_5)
FNF:6
FNH:0
FNDA:0,(anonymous_0)
FNDA:0,(anonymous_1)
FNDA:0,(anonymous_2)
FNDA:0,(anonymous_3)
FNDA:0,(anonymous_4)
FNDA:0,(anonymous_5)
DA:1,1
DA:2,1
DA:3,1
DA:4,1
DA:57,1
DA:58,1
DA:60,1
DA:64,0
DA:67,1
DA:76,0
DA:79,1
DA:83,0
DA:92,0
DA:95,1
DA:99,0
DA:102,1
DA:106,0
DA:109,1
LF:18
LH:12
BRF:0
BRH:0
end_of_record
TN:
SF:src/server.ts
FN:8,connectDB
FNF:1
FNH:1
FNDA:2,connectDB
DA:1,1
DA:2,1
DA:3,1
DA:4,1
DA:5,1
DA:6,1
DA:8,1
DA:9,2
DA:10,2
DA:11,1
DA:12,1
DA:15,1
DA:19,1
DA:22,1
DA:25,1
DA:27,1
DA:30,1
DA:35,1
LF:18
LH:18
BRF:0
BRH:0
end_of_record
TN:
SF:src/config/db.ts
FNF:0
FNH:0
DA:1,1
DA:2,1
DA:4,1
DA:6,1
DA:10,1
LF:5
LH:5
BRF:0
BRH:0
end_of_record
TN:
SF:src/config/swagger.ts
FNF:0
FNH:0
DA:1,1
DA:4,1
DA:26,1
DA:28,1
DA:42,1
DA:43,1
LF:6
LH:6
BRF:0
BRH:0
end_of_record
TN:
SF:src/handlers/product.ts
FN:5,(anonymous_1)
FN:15,(anonymous_2)
FN:30,(anonymous_3)
FN:44,(anonymous_4)
FN:58,(anonymous_5)
FN:74,(anonymous_6)
FNF:6
FNH:0
FNDA:0,(anonymous_1)
FNDA:0,(anonymous_2)
FNDA:0,(anonymous_3)
FNDA:0,(anonymous_4)
FNDA:0,(anonymous_5)
FNDA:0,(anonymous_6)
DA:2,1
DA:3,1
DA:5,1
DA:6,0
DA:7,0
DA:8,0
DA:10,0
DA:15,1
DA:16,0
DA:17,0
DA:23,0
DA:24,0
DA:26,0
DA:30,1
DA:31,0
DA:32,0
DA:33,0
DA:34,0
DA:35,0
DA:37,0
DA:39,0
DA:44,1
DA:45,0
DA:46,0
DA:47,0
DA:48,0
DA:49,0
DA:51,0
DA:52,0
DA:54,0
DA:58,1
DA:59,0
DA:60,0
DA:61,0
DA:62,0
DA:63,0
DA:65,0
DA:66,0
DA:67,0
DA:68,0
DA:70,0
DA:74,1
DA:75,0
DA:76,0
DA:77,0
DA:78,0
DA:79,0
DA:81,0
DA:82,0
DA:84,0
LF:50
LH:8
BRDA:34,0,0,0
BRDA:34,0,1,0
BRDA:48,1,0,0
BRDA:48,1,1,0
BRDA:62,2,0,0
BRDA:62,2,1,0
BRDA:78,3,0,0
BRDA:78,3,1,0
BRF:8
BRH:0
end_of_record
TN:
SF:src/middleware/index.ts
FN:6,(anonymous_1)
FNF:1
FNH:0
FNDA:0,(anonymous_1)
DA:1,1
DA:2,1
DA:6,1
DA:7,0
DA:9,0
DA:10,0
DA:11,0
DA:13,0
LF:8
LH:3
BRDA:10,0,0,0
BRDA:10,0,1,0
BRF:2
BRH:0
end_of_record
TN:
SF:src/models/Product.mo.ts
FNF:0
FNH:0
DA:1,2
DA:6,2
DA:10,2
DA:15,2
DA:21,2
DA:24,2
LF:6
LH:6
BRF:0
BRH:0
end_of_record
